2020-05-04T20:14:13,101 DEBUG [main]: StandardEnvironment                  - Adding PropertySource 'systemProperties' with lowest search precedence 
2020-05-04T20:14:13,108 DEBUG [main]: StandardEnvironment                  - Adding PropertySource 'systemEnvironment' with lowest search precedence 
2020-05-04T20:14:13,109 DEBUG [main]: StandardEnvironment                  - Initialized StandardEnvironment with PropertySources [MapPropertySource@157168588 {name='systemProperties', properties={sun.desktop=windows, awt.toolkit=sun.awt.windows.WToolkit, java.specification.version=11, sun.cpu.isalist=amd64, sun.jnu.encoding=Cp1252, java.class.path=C:\Users\Rares2\Desktop\an2\sem2Eu\mpp\sdiGit\lab10\client\build\classes\java\main;C:\Users\Rares2\Desktop\an2\sem2Eu\mpp\sdiGit\lab10\client\build\resources\main;C:\Users\Rares2\Desktop\an2\sem2Eu\mpp\sdiGit\lab10\web\build\libs\web-1.0-SNAPSHOT.jar;C:\Users\Rares2\Desktop\an2\sem2Eu\mpp\sdiGit\lab10\core\build\libs\core-1.0-SNAPSHOT.jar;C:\Users\Rares2\.gradle\caches\modules-2\files-2.1\org.springframework\spring-webmvc\5.0.3.RELEASE\ded72f3634f4fb5989b2ee145faa72a4430843c5\spring-webmvc-5.0.3.RELEASE.jar;C:\Users\Rares2\.gradle\caches\modules-2\files-2.1\org.springframework\spring-context-support\5.0.3.RELEASE\853800b9fe479931f8ec5aaf7c19e285d5de1402\spring-context-support-5.0.3.RELEASE.jar;C:\Users\Rares2\.gradle\caches\modules-2\files-2.1\org.springframework.data\spring-data-jpa\2.0.3.RELEASE\a88dbb9ca8957b34f37d5db7415d53b472e956d3\spring-data-jpa-2.0.3.RELEASE.jar;C:\Users\Rares2\.gradle\caches\modules-2\files-2.1\org.springframework\spring-context\5.0.3.RELEASE\a7cb3317167059337d57a6ba92b7a95997322198\spring-context-5.0.3.RELEASE.jar;C:\Users\Rares2\.gradle\caches\modules-2\files-2.1\org.apache.logging.log4j\log4j-slf4j-impl\2.10.0\8e4e0a30736175e31c7f714d95032c1734cfbdea\log4j-slf4j-impl-2.10.0.jar;C:\Users\Rares2\.gradle\caches\modules-2\files-2.1\com.zaxxer\HikariCP\2.7.7\805b0efcceb574fa230ca4806d2d89a7fcfeed6c\HikariCP-2.7.7.jar;C:\Users\Rares2\.gradle\caches\modules-2\files-2.1\org.springframework.data\spring-data-commons\2.0.3.RELEASE\5ad306c5d88a7d8c5b12749e5add8671a1ac1414\spring-data-commons-2.0.3.RELEASE.jar;C:\Users\Rares2\.gradle\caches\modules-2\files-2.1\org.slf4j\slf4j-api\1.8.0-alpha2\34fa1d87256bbdb376ae7f6fa7e479610cd07dce\slf4j-api-1.8.0-alpha2.jar;C:\Users\Rares2\.gradle\caches\modules-2\files-2.1\org.apache.logging.log4j\log4j-1.2-api\2.10.0\62e26af2612d1bd03aba1c7c087447f14033b7ba\log4j-1.2-api-2.10.0.jar;C:\Users\Rares2\.gradle\caches\modules-2\files-2.1\org.apache.logging.log4j\log4j-core\2.10.0\c90b597163cd28ab6d9687edd53db601b6ea75a1\log4j-core-2.10.0.jar;C:\Users\Rares2\.gradle\caches\modules-2\files-2.1\org.springframework\spring-web\5.0.3.RELEASE\5266e04bf799e523bfe163f0e5520799c216cbfb\spring-web-5.0.3.RELEASE.jar;C:\Users\Rares2\.gradle\caches\modules-2\files-2.1\com.fasterxml.jackson.core\jackson-databind\2.9.4\498bbc3b94f566982c7f7c6d4d303fce365529be\jackson-databind-2.9.4.jar;C:\Users\Rares2\.gradle\caches\modules-2\files-2.1\com.fasterxml.jackson.core\jackson-core\2.9.4\a9a71ec1aa37da47db168fede9a4a5fb5e374320\jackson-core-2.9.4.jar;C:\Users\Rares2\.gradle\caches\modules-2\files-2.1\org.springframework\spring-aop\5.0.3.RELEASE\25019c46a2fae8c0c4a17979665e0613949ea59f\spring-aop-5.0.3.RELEASE.jar;C:\Users\Rares2\.gradle\caches\modules-2\files-2.1\org.springframework\spring-orm\5.0.3.RELEASE\36c02f2975196512783f9a98c7290504c1224689\spring-orm-5.0.3.RELEASE.jar;C:\Users\Rares2\.gradle\caches\modules-2\files-2.1\org.springframework\spring-jdbc\5.0.3.RELEASE\3d9683a2e23a693579ebe762eb7a0a468908603d\spring-jdbc-5.0.3.RELEASE.jar;C:\Users\Rares2\.gradle\caches\modules-2\files-2.1\org.springframework\spring-tx\5.0.3.RELEASE\18cb58265c9d10a1bccc9024ee98c43780f6b344\spring-tx-5.0.3.RELEASE.jar;C:\Users\Rares2\.gradle\caches\modules-2\files-2.1\org.springframework\spring-beans\5.0.3.RELEASE\c65a623d51721f6037505ce6c11e5d19edfa1c3a\spring-beans-5.0.3.RELEASE.jar;C:\Users\Rares2\.gradle\caches\modules-2\files-2.1\org.springframework\spring-expression\5.0.3.RELEASE\ffc2e3d88a0b6ac6669e764a71cc3b49001eda21\spring-expression-5.0.3.RELEASE.jar;C:\Users\Rares2\.gradle\caches\modules-2\files-2.1\org.springframework\spring-core\5.0.3.RELEASE\8950eb10c466a77677693dd495d4b6a26de315f4\spring-core-5.0.3.RELEASE.jar;C:\Users\Rares2\.gradle\caches\modules-2\files-2.1\org.apache.logging.log4j\log4j-api\2.10.0\fec5797a55b786184a537abd39c3fa1449d752d6\log4j-api-2.10.0.jar;C:\Users\Rares2\.gradle\caches\modules-2\files-2.1\javax.servlet\javax.servlet-api\4.0.1\a27082684a2ff0bf397666c3943496c44541d1ca\javax.servlet-api-4.0.1.jar;C:\Users\Rares2\.gradle\caches\modules-2\files-2.1\com.fasterxml.jackson.core\jackson-annotations\2.9.0\7c10d545325e3a6e72e06381afe469fd40eb701\jackson-annotations-2.9.0.jar;C:\Users\Rares2\.gradle\caches\modules-2\files-2.1\org.springframework\spring-jcl\5.0.3.RELEASE\855919d50380ed6f0ccee7b8d6789f4febdb6660\spring-jcl-5.0.3.RELEASE.jar;C:\Users\Rares2\.gradle\caches\modules-2\files-2.1\org.hibernate\hibernate-core\5.2.6.Final\b19341bc2b668423dbeca229be8ce921bcf88364\hibernate-core-5.2.6.Final.jar;C:\Users\Rares2\.gradle\caches\modules-2\files-2.1\org.postgresql\postgresql\42.2.1\b7f61848ac43ae9fa6e38935bfd75628b7fc9086\postgresql-42.2.1.jar;C:\Users\Rares2\.gradle\caches\modules-2\files-2.1\com.github.ben-manes.caffeine\caffeine\2.6.1\fc7a29feda0a3c5aaf1ff55e0df5417025e6d5f4\caffeine-2.6.1.jar;C:\Users\Rares2\.gradle\caches\modules-2\files-2.1\javax.xml.bind\jaxb-api\2.3.0\99f802e0cb3e953ba3d6e698795c4aeb98d37c48\jaxb-api-2.3.0.jar;C:\Users\Rares2\.gradle\caches\modules-2\files-2.1\org.aspectj\aspectjrt\1.8.12\afaa5bdae313ed3ea119eb26c8848fca21e8b04e\aspectjrt-1.8.12.jar;C:\Users\Rares2\.gradle\caches\modules-2\files-2.1\org.hibernate.common\hibernate-commons-annotations\5.0.1.Final\71e1cff3fcb20d3b3af4f3363c3ddb24d33c6879\hibernate-commons-annotations-5.0.1.Final.jar;C:\Users\Rares2\.gradle\caches\modules-2\files-2.1\org.jboss.logging\jboss-logging\3.3.0.Final\3616bb87707910296e2c195dc016287080bba5af\jboss-logging-3.3.0.Final.jar;C:\Users\Rares2\.gradle\caches\modules-2\files-2.1\org.hibernate.javax.persistence\hibernate-jpa-2.1-api\1.0.0.Final\5e731d961297e5a07290bfaf3db1fbc8bbbf405a\hibernate-jpa-2.1-api-1.0.0.Final.jar;C:\Users\Rares2\.gradle\caches\modules-2\files-2.1\org.javassist\javassist\3.20.0-GA\a9cbcdfb7e9f86fbc74d3afae65f2248bfbf82a0\javassist-3.20.0-GA.jar;C:\Users\Rares2\.gradle\caches\modules-2\files-2.1\antlr\antlr\2.7.7\83cd2cd674a217ade95a4bb83a8a14f351f48bd0\antlr-2.7.7.jar;C:\Users\Rares2\.gradle\caches\modules-2\files-2.1\org.apache.geronimo.specs\geronimo-jta_1.1_spec\1.1.1\aabab3165b8ea936b9360abbf448459c0d04a5a4\geronimo-jta_1.1_spec-1.1.1.jar;C:\Users\Rares2\.gradle\caches\modules-2\files-2.1\org.jboss\jandex\2.0.3.Final\bfc4d6257dbff7a33a357f0de116be6ff951d849\jandex-2.0.3.Final.jar;C:\Users\Rares2\.gradle\caches\modules-2\files-2.1\com.fasterxml\classmate\1.3.0\183407ff982e9375f1a1c4a51ed0a9307c598fc7\classmate-1.3.0.jar;C:\Users\Rares2\.gradle\caches\modules-2\files-2.1\dom4j\dom4j\1.6.1\5d3ccc056b6f056dbf0dddfdf43894b9065a8f94\dom4j-1.6.1.jar;C:\Users\Rares2\.gradle\caches\modules-2\files-2.1\javax.enterprise\cdi-api\1.1\78b1feee99b05a78575fb2fd79fb77be5e74420d\cdi-api-1.1.jar;C:\Users\Rares2\.gradle\caches\modules-2\files-2.1\javax.el\el-api\2.2\42971279cc8ba864462580c7fc2199fd5715ee7f\el-api-2.2.jar;C:\Users\Rares2\.gradle\caches\modules-2\files-2.1\org.jboss.spec.javax.interceptor\jboss-interceptors-api_1.1_spec\1.0.0.Beta1\8cb388fd3b4912373da7a18e199bb55aa52aa5c1\jboss-interceptors-api_1.1_spec-1.0.0.Beta1.jar;C:\Users\Rares2\.gradle\caches\modules-2\files-2.1\javax.annotation\jsr250-api\1.0\5025422767732a1ab45d93abfea846513d742dcf\jsr250-api-1.0.jar;C:\Users\Rares2\.gradle\caches\modules-2\files-2.1\javax.inject\javax.inject\1\6975da39a7040257bd51d21a231b76c915872d38\javax.inject-1.jar, java.vm.vendor=Oracle Corporation, sun.arch.data.model=64, user.variant=, java.vendor.url=http://java.oracle.com/, user.timezone=Europe/Athens, os.name=Windows 10, java.vm.specification.version=11, user.country=US, sun.java.launcher=SUN_STANDARD, sun.boot.library.path=C:\Program Files\Java\jdk-11.0.6\bin, sun.java.command=ClientApp, jdk.debug=release, sun.cpu.endian=little, user.home=C:\Users\Rares2, user.language=en, java.specification.vendor=Oracle Corporation, java.version.date=2020-01-14, java.home=C:\Program Files\Java\jdk-11.0.6, file.separator=\, java.vm.compressedOopsMode=32-bit, line.separator=
, java.specification.name=Java Platform API Specification, java.vm.specification.vendor=Oracle Corporation, java.awt.graphicsenv=sun.awt.Win32GraphicsEnvironment, user.script=, sun.management.compiler=HotSpot 64-Bit Tiered Compilers, java.runtime.version=11.0.6+8-LTS, user.name=Rares2, path.separator=;, os.version=10.0, java.runtime.name=Java(TM) SE Runtime Environment, file.encoding=windows-1252, java.vm.name=Java HotSpot(TM) 64-Bit Server VM, java.vendor.version=18.9, java.vendor.url.bug=http://bugreport.java.com/bugreport/, java.io.tmpdir=C:\Users\Rares2\AppData\Local\Temp\, java.version=11.0.6, user.dir=C:\Users\Rares2\Desktop\an2\sem2Eu\mpp\sdiGit\lab10, os.arch=amd64, java.vm.specification.name=Java Virtual Machine Specification, java.awt.printerjob=sun.awt.windows.WPrinterJob, sun.os.patch.level=, java.library.path=C:\Program Files\Java\jdk-11.0.6\bin;C:\WINDOWS\Sun\Java\bin;C:\WINDOWS\system32;C:\WINDOWS;C:\Program Files (x86)\Common Files\Oracle\Java\javapath;C:\WINDOWS\system32;C:\WINDOWS;C:\WINDOWS\System32\Wbem;C:\WINDOWS\System32\WindowsPowerShell\v1.0\;C:\WINDOWS\System32\OpenSSH\;C:\Program Files (x86)\Microsoft SQL Server\150\DTS\Binn\;C:\Program Files\Microsoft SQL Server\130\Tools\Binn\;C:\Program Files\dotnet\;C:\Program Files\Git\cmd;C:\Program Files\Microsoft SQL Server\Client SDK\ODBC\170\Tools\Binn\;C:\Program Files (x86)\Microsoft SQL Server\150\Tools\Binn\;C:\Program Files\Microsoft SQL Server\150\Tools\Binn\;C:\Program Files\Microsoft SQL Server\150\DTS\Binn\;C:\Users\Rares2\Desktop\an2\sem2Eu\iss\apache-maven-3.6.3\bin;C:\Program Files\Java\jdk-11.0.6\bin;;C:\Program Files\NVIDIA Corporation\NVIDIA NvDLISR;C:\Program Files (x86)\NVIDIA Corporation\PhysX\Common;C:\Users\Rares2\AppData\Local\Microsoft\WindowsApps;C:\Program Files\JetBrains\IntelliJ IDEA 2019.3.4\bin;;C:\Program Files\JetBrains\IntelliJ IDEA Community Edition 2019.3.3\bin;;., java.vendor=Oracle Corporation, java.vm.info=mixed mode, java.vm.version=11.0.6+8-LTS, sun.io.unicode.encoding=UnicodeLittle, java.class.version=55.0}}, SystemEnvironmentPropertySource@945834881 {name='systemEnvironment', properties={USERDOMAIN_ROAMINGPROFILE=RARES, LOCALAPPDATA=C:\Users\Rares2\AppData\Local, PROCESSOR_LEVEL=6, IntelliJ IDEA=C:\Program Files\JetBrains\IntelliJ IDEA 2019.3.4\bin;, USERDOMAIN=RARES, FPS_BROWSER_APP_PROFILE_STRING=Internet Explorer, LOGONSERVER=\\RARES, JAVA_HOME=C:\Program Files\Java\jdk-11.0.6, SESSIONNAME=Console, ALLUSERSPROFILE=C:\ProgramData, PROCESSOR_ARCHITECTURE=AMD64, PSModulePath=C:\Program Files\WindowsPowerShell\Modules;C:\WINDOWS\system32\WindowsPowerShell\v1.0\Modules;C:\Program Files\WindowsPowerShell\Modules\;C:\Program Files (x86)\Microsoft SDKs\Azure\PowerShell\ResourceManager\AzureResourceManager\;C:\Program Files (x86)\Microsoft SDKs\Azure\PowerShell\ServiceManagement\;C:\Program Files (x86)\Microsoft SDKs\Azure\PowerShell\Storage\;C:\Program Files (x86)\Microsoft SQL Server\150\Tools\PowerShell\Modules\, SystemDrive=C:, MAVEN_HOME=C:\Users\Rares2\Desktop\an2\sem2Eu\iss\apache-maven-3.6.3, OneDrive=C:\Users\Rares2\OneDrive, APPDATA=C:\Users\Rares2\AppData\Roaming, USERNAME=Rares2, ProgramFiles(x86)=C:\Program Files (x86), CommonProgramFiles=C:\Program Files\Common Files, Path=C:\Program Files (x86)\Common Files\Oracle\Java\javapath;C:\WINDOWS\system32;C:\WINDOWS;C:\WINDOWS\System32\Wbem;C:\WINDOWS\System32\WindowsPowerShell\v1.0\;C:\WINDOWS\System32\OpenSSH\;C:\Program Files (x86)\Microsoft SQL Server\150\DTS\Binn\;C:\Program Files\Microsoft SQL Server\130\Tools\Binn\;C:\Program Files\dotnet\;C:\Program Files\Git\cmd;C:\Program Files\Microsoft SQL Server\Client SDK\ODBC\170\Tools\Binn\;C:\Program Files (x86)\Microsoft SQL Server\150\Tools\Binn\;C:\Program Files\Microsoft SQL Server\150\Tools\Binn\;C:\Program Files\Microsoft SQL Server\150\DTS\Binn\;C:\Users\Rares2\Desktop\an2\sem2Eu\iss\apache-maven-3.6.3\bin;C:\Program Files\Java\jdk-11.0.6\bin;;C:\Program Files\NVIDIA Corporation\NVIDIA NvDLISR;C:\Program Files (x86)\NVIDIA Corporation\PhysX\Common;C:\Users\Rares2\AppData\Local\Microsoft\WindowsApps;C:\Program Files\JetBrains\IntelliJ IDEA 2019.3.4\bin;;C:\Program Files\JetBrains\IntelliJ IDEA Community Edition 2019.3.3\bin;, FPS_BROWSER_USER_PROFILE_STRING=Default, PATHEXT=.COM;.EXE;.BAT;.CMD;.VBS;.VBE;.JS;.JSE;.WSF;.WSH;.MSC, DriverData=C:\Windows\System32\Drivers\DriverData, OS=Windows_NT, COMPUTERNAME=RARES, IntelliJ IDEA Community Edition=C:\Program Files\JetBrains\IntelliJ IDEA Community Edition 2019.3.3\bin;, PROCESSOR_REVISION=3c03, CommonProgramW6432=C:\Program Files\Common Files, ComSpec=C:\WINDOWS\system32\cmd.exe, ProgramData=C:\ProgramData, ProgramW6432=C:\Program Files, HOMEPATH=\Users\Rares2, SystemRoot=C:\WINDOWS, TEMP=C:\Users\Rares2\AppData\Local\Temp, HOMEDRIVE=C:, PROCESSOR_IDENTIFIER=Intel64 Family 6 Model 60 Stepping 3, GenuineIntel, USERPROFILE=C:\Users\Rares2, TMP=C:\Users\Rares2\AppData\Local\Temp, CommonProgramFiles(x86)=C:\Program Files (x86)\Common Files, ProgramFiles=C:\Program Files, PUBLIC=C:\Users\Public, NUMBER_OF_PROCESSORS=4, windir=C:\WINDOWS, =::=::\, IDEA_INITIAL_DIRECTORY=C:\Users\Rares2\Desktop}}] 
2020-05-04T20:14:13,145 DEBUG [main]: ClassPathBeanDefinitionScanner       - JSR-330 'javax.inject.Named' annotation found and supported for component scanning 
2020-05-04T20:14:13,161 DEBUG [main]: PathMatchingResourcePatternResolver  - Resolved classpath location [clientBase/config/] to resources [URL [file:/C:/Users/Rares2/Desktop/an2/sem2Eu/mpp/sdiGit/lab10/client/build/classes/java/main/clientBase/config/]] 
2020-05-04T20:14:13,162 DEBUG [main]: PathMatchingResourcePatternResolver  - Looking for matching resources in directory tree [C:\Users\Rares2\Desktop\an2\sem2Eu\mpp\sdiGit\lab10\client\build\classes\java\main\clientBase\config] 
2020-05-04T20:14:13,163 DEBUG [main]: PathMatchingResourcePatternResolver  - Searching directory [C:\Users\Rares2\Desktop\an2\sem2Eu\mpp\sdiGit\lab10\client\build\classes\java\main\clientBase\config] for files matching pattern [C:/Users/Rares2/Desktop/an2/sem2Eu/mpp/sdiGit/lab10/client/build/classes/java/main/clientBase/config/**/*.class] 
2020-05-04T20:14:13,167 DEBUG [main]: PathMatchingResourcePatternResolver  - Resolved location pattern [classpath*:clientBase/config/**/*.class] to resources [file [C:\Users\Rares2\Desktop\an2\sem2Eu\mpp\sdiGit\lab10\client\build\classes\java\main\clientBase\config\ClientConfig.class]] 
2020-05-04T20:14:13,167 TRACE [main]: ClassPathBeanDefinitionScanner       - Scanning file [C:\Users\Rares2\Desktop\an2\sem2Eu\mpp\sdiGit\lab10\client\build\classes\java\main\clientBase\config\ClientConfig.class] 
2020-05-04T20:14:13,223 DEBUG [main]: ClassPathBeanDefinitionScanner       - Identified candidate component class: file [C:\Users\Rares2\Desktop\an2\sem2Eu\mpp\sdiGit\lab10\client\build\classes\java\main\clientBase\config\ClientConfig.class] 
2020-05-04T20:14:13,242 INFO  [main]: AnnotationConfigApplicationContext   - Refreshing org.springframework.context.annotation.AnnotationConfigApplicationContext@53b7f657: startup date [Mon May 04 20:14:13 EEST 2020]; root of context hierarchy 
2020-05-04T20:14:13,243 DEBUG [main]: AnnotationConfigApplicationContext   - Bean factory for org.springframework.context.annotation.AnnotationConfigApplicationContext@53b7f657: org.springframework.beans.factory.support.DefaultListableBeanFactory@7e3181aa: defining beans [org.springframework.context.annotation.internalConfigurationAnnotationProcessor,org.springframework.context.annotation.internalAutowiredAnnotationProcessor,org.springframework.context.annotation.internalRequiredAnnotationProcessor,org.springframework.context.annotation.internalCommonAnnotationProcessor,org.springframework.context.annotation.internalPersistenceAnnotationProcessor,org.springframework.context.event.internalEventListenerProcessor,org.springframework.context.event.internalEventListenerFactory,clientConfig]; root of factory hierarchy 
2020-05-04T20:14:13,272 DEBUG [main]: DefaultListableBeanFactory           - Creating shared instance of singleton bean 'org.springframework.context.annotation.internalConfigurationAnnotationProcessor' 
2020-05-04T20:14:13,272 DEBUG [main]: DefaultListableBeanFactory           - Creating instance of bean 'org.springframework.context.annotation.internalConfigurationAnnotationProcessor' 
2020-05-04T20:14:13,295 DEBUG [main]: DefaultListableBeanFactory           - Eagerly caching bean 'org.springframework.context.annotation.internalConfigurationAnnotationProcessor' to allow for resolving potential circular references 
2020-05-04T20:14:13,298 DEBUG [main]: DefaultListableBeanFactory           - Finished creating instance of bean 'org.springframework.context.annotation.internalConfigurationAnnotationProcessor' 
2020-05-04T20:14:13,356 DEBUG [main]: nfigurationClassBeanDefinitionReader - Registering bean definition for @Bean method clientBase.config.ClientConfig.restTemplate() 
2020-05-04T20:14:13,494 DEBUG [main]: ConfigurationClassEnhancer           - Successfully enhanced clientBase.config.ClientConfig; enhanced class name is: clientBase.config.ClientConfig$$EnhancerBySpringCGLIB$$2b1707bd 
2020-05-04T20:14:13,495 DEBUG [main]: ConfigurationClassPostProcessor      - Replacing bean definition 'clientConfig' existing class 'clientBase.config.ClientConfig' with enhanced class 'clientBase.config.ClientConfig$$EnhancerBySpringCGLIB$$2b1707bd' 
2020-05-04T20:14:13,497 DEBUG [main]: DefaultListableBeanFactory           - Creating shared instance of singleton bean 'org.springframework.context.annotation.internalAutowiredAnnotationProcessor' 
2020-05-04T20:14:13,498 DEBUG [main]: DefaultListableBeanFactory           - Creating instance of bean 'org.springframework.context.annotation.internalAutowiredAnnotationProcessor' 
2020-05-04T20:14:13,499 INFO  [main]: AutowiredAnnotationBeanPostProcessor - JSR-330 'javax.inject.Inject' annotation found and supported for autowiring 
2020-05-04T20:14:13,499 DEBUG [main]: DefaultListableBeanFactory           - Eagerly caching bean 'org.springframework.context.annotation.internalAutowiredAnnotationProcessor' to allow for resolving potential circular references 
2020-05-04T20:14:13,512 TRACE [main]: SpringFactoriesLoader                - Loaded [org.springframework.beans.BeanInfoFactory] names: [org.springframework.beans.ExtendedBeanInfoFactory] 
2020-05-04T20:14:13,515 TRACE [main]: CachedIntrospectionResults           - Getting BeanInfo for class [org.springframework.beans.factory.annotation.AutowiredAnnotationBeanPostProcessor] 
2020-05-04T20:14:13,556 TRACE [main]: CachedIntrospectionResults           - Caching PropertyDescriptors for class [org.springframework.beans.factory.annotation.AutowiredAnnotationBeanPostProcessor] 
2020-05-04T20:14:13,557 TRACE [main]: CachedIntrospectionResults           - Found bean property 'autowiredAnnotationType' of type [java.lang.Class] 
2020-05-04T20:14:13,566 TRACE [main]: CachedIntrospectionResults           - Found bean property 'autowiredAnnotationTypes' of type [java.util.Set] 
2020-05-04T20:14:13,567 TRACE [main]: CachedIntrospectionResults           - Found bean property 'beanFactory' of type [org.springframework.beans.factory.BeanFactory] 
2020-05-04T20:14:13,568 TRACE [main]: CachedIntrospectionResults           - Found bean property 'class' of type [java.lang.Class] 
2020-05-04T20:14:13,571 TRACE [main]: CachedIntrospectionResults           - Found bean property 'order' of type [int] 
2020-05-04T20:14:13,572 TRACE [main]: CachedIntrospectionResults           - Found bean property 'requiredParameterName' of type [java.lang.String] 
2020-05-04T20:14:13,572 TRACE [main]: CachedIntrospectionResults           - Found bean property 'requiredParameterValue' of type [boolean] 
2020-05-04T20:14:13,581 DEBUG [main]: DefaultListableBeanFactory           - Finished creating instance of bean 'org.springframework.context.annotation.internalAutowiredAnnotationProcessor' 
2020-05-04T20:14:13,582 DEBUG [main]: DefaultListableBeanFactory           - Creating shared instance of singleton bean 'org.springframework.context.annotation.internalRequiredAnnotationProcessor' 
2020-05-04T20:14:13,582 DEBUG [main]: DefaultListableBeanFactory           - Creating instance of bean 'org.springframework.context.annotation.internalRequiredAnnotationProcessor' 
2020-05-04T20:14:13,584 DEBUG [main]: DefaultListableBeanFactory           - Eagerly caching bean 'org.springframework.context.annotation.internalRequiredAnnotationProcessor' to allow for resolving potential circular references 
2020-05-04T20:14:13,584 TRACE [main]: CachedIntrospectionResults           - Getting BeanInfo for class [org.springframework.beans.factory.annotation.RequiredAnnotationBeanPostProcessor] 
2020-05-04T20:14:13,589 TRACE [main]: CachedIntrospectionResults           - Caching PropertyDescriptors for class [org.springframework.beans.factory.annotation.RequiredAnnotationBeanPostProcessor] 
2020-05-04T20:14:13,590 TRACE [main]: CachedIntrospectionResults           - Found bean property 'beanFactory' of type [org.springframework.beans.factory.BeanFactory] 
2020-05-04T20:14:13,590 TRACE [main]: CachedIntrospectionResults           - Found bean property 'class' of type [java.lang.Class] 
2020-05-04T20:14:13,593 TRACE [main]: CachedIntrospectionResults           - Found bean property 'order' of type [int] 
2020-05-04T20:14:13,596 TRACE [main]: CachedIntrospectionResults           - Found bean property 'requiredAnnotationType' of type [java.lang.Class] 
2020-05-04T20:14:13,609 DEBUG [main]: DefaultListableBeanFactory           - Finished creating instance of bean 'org.springframework.context.annotation.internalRequiredAnnotationProcessor' 
2020-05-04T20:14:13,612 DEBUG [main]: DefaultListableBeanFactory           - Creating shared instance of singleton bean 'org.springframework.context.annotation.internalCommonAnnotationProcessor' 
2020-05-04T20:14:13,613 DEBUG [main]: DefaultListableBeanFactory           - Creating instance of bean 'org.springframework.context.annotation.internalCommonAnnotationProcessor' 
2020-05-04T20:14:13,618 DEBUG [main]: DefaultListableBeanFactory           - Eagerly caching bean 'org.springframework.context.annotation.internalCommonAnnotationProcessor' to allow for resolving potential circular references 
2020-05-04T20:14:13,618 TRACE [main]: CachedIntrospectionResults           - Getting BeanInfo for class [org.springframework.context.annotation.CommonAnnotationBeanPostProcessor] 
2020-05-04T20:14:13,623 TRACE [main]: CachedIntrospectionResults           - Caching PropertyDescriptors for class [org.springframework.context.annotation.CommonAnnotationBeanPostProcessor] 
2020-05-04T20:14:13,623 TRACE [main]: CachedIntrospectionResults           - Found bean property 'alwaysUseJndiLookup' of type [boolean] 
2020-05-04T20:14:13,623 TRACE [main]: CachedIntrospectionResults           - Found bean property 'beanFactory' of type [org.springframework.beans.factory.BeanFactory] 
2020-05-04T20:14:13,623 TRACE [main]: CachedIntrospectionResults           - Found bean property 'class' of type [java.lang.Class] 
2020-05-04T20:14:13,624 TRACE [main]: CachedIntrospectionResults           - Found bean property 'destroyAnnotationType' of type [java.lang.Class] 
2020-05-04T20:14:13,624 TRACE [main]: CachedIntrospectionResults           - Found bean property 'fallbackToDefaultTypeMatch' of type [boolean] 
2020-05-04T20:14:13,624 TRACE [main]: CachedIntrospectionResults           - Found bean property 'initAnnotationType' of type [java.lang.Class] 
2020-05-04T20:14:13,625 TRACE [main]: CachedIntrospectionResults           - Found bean property 'jndiFactory' of type [org.springframework.beans.factory.BeanFactory] 
2020-05-04T20:14:13,625 TRACE [main]: CachedIntrospectionResults           - Found bean property 'order' of type [int] 
2020-05-04T20:14:13,626 TRACE [main]: CachedIntrospectionResults           - Found bean property 'resourceFactory' of type [org.springframework.beans.factory.BeanFactory] 
2020-05-04T20:14:13,630 DEBUG [main]: DefaultListableBeanFactory           - Finished creating instance of bean 'org.springframework.context.annotation.internalCommonAnnotationProcessor' 
2020-05-04T20:14:13,631 DEBUG [main]: DefaultListableBeanFactory           - Creating shared instance of singleton bean 'org.springframework.context.annotation.internalPersistenceAnnotationProcessor' 
2020-05-04T20:14:13,631 DEBUG [main]: DefaultListableBeanFactory           - Creating instance of bean 'org.springframework.context.annotation.internalPersistenceAnnotationProcessor' 
2020-05-04T20:14:13,632 DEBUG [main]: DefaultListableBeanFactory           - Eagerly caching bean 'org.springframework.context.annotation.internalPersistenceAnnotationProcessor' to allow for resolving potential circular references 
2020-05-04T20:14:13,633 TRACE [main]: CachedIntrospectionResults           - Getting BeanInfo for class [org.springframework.orm.jpa.support.PersistenceAnnotationBeanPostProcessor] 
2020-05-04T20:14:13,636 TRACE [main]: CachedIntrospectionResults           - Caching PropertyDescriptors for class [org.springframework.orm.jpa.support.PersistenceAnnotationBeanPostProcessor] 
2020-05-04T20:14:13,637 TRACE [main]: CachedIntrospectionResults           - Found bean property 'beanFactory' of type [org.springframework.beans.factory.BeanFactory] 
2020-05-04T20:14:13,637 TRACE [main]: CachedIntrospectionResults           - Found bean property 'class' of type [java.lang.Class] 
2020-05-04T20:14:13,638 TRACE [main]: CachedIntrospectionResults           - Found bean property 'defaultPersistenceUnitName' of type [java.lang.String] 
2020-05-04T20:14:13,638 TRACE [main]: CachedIntrospectionResults           - Found bean property 'extendedPersistenceContexts' of type [java.util.Map] 
2020-05-04T20:14:13,638 TRACE [main]: CachedIntrospectionResults           - Found bean property 'jndiEnvironment' of type [java.util.Properties] 
2020-05-04T20:14:13,638 TRACE [main]: CachedIntrospectionResults           - Found bean property 'jndiTemplate' of type [java.lang.Object] 
2020-05-04T20:14:13,639 TRACE [main]: CachedIntrospectionResults           - Found bean property 'order' of type [int] 
2020-05-04T20:14:13,639 TRACE [main]: CachedIntrospectionResults           - Found bean property 'persistenceContexts' of type [java.util.Map] 
2020-05-04T20:14:13,639 TRACE [main]: CachedIntrospectionResults           - Found bean property 'persistenceUnits' of type [java.util.Map] 
2020-05-04T20:14:13,639 TRACE [main]: CachedIntrospectionResults           - Found bean property 'resourceRef' of type [boolean] 
2020-05-04T20:14:13,642 DEBUG [main]: DefaultListableBeanFactory           - Finished creating instance of bean 'org.springframework.context.annotation.internalPersistenceAnnotationProcessor' 
2020-05-04T20:14:13,646 DEBUG [main]: AnnotationConfigApplicationContext   - Unable to locate MessageSource with name 'messageSource': using default [org.springframework.context.support.DelegatingMessageSource@55787112] 
2020-05-04T20:14:13,649 DEBUG [main]: AnnotationConfigApplicationContext   - Unable to locate ApplicationEventMulticaster with name 'applicationEventMulticaster': using default [org.springframework.context.event.SimpleApplicationEventMulticaster@7c7d3c46] 
2020-05-04T20:14:13,651 DEBUG [main]: DefaultListableBeanFactory           - Pre-instantiating singletons in org.springframework.beans.factory.support.DefaultListableBeanFactory@7e3181aa: defining beans [org.springframework.context.annotation.internalConfigurationAnnotationProcessor,org.springframework.context.annotation.internalAutowiredAnnotationProcessor,org.springframework.context.annotation.internalRequiredAnnotationProcessor,org.springframework.context.annotation.internalCommonAnnotationProcessor,org.springframework.context.annotation.internalPersistenceAnnotationProcessor,org.springframework.context.event.internalEventListenerProcessor,org.springframework.context.event.internalEventListenerFactory,clientConfig,restTemplate]; root of factory hierarchy 
2020-05-04T20:14:13,652 DEBUG [main]: DefaultListableBeanFactory           - Returning cached instance of singleton bean 'org.springframework.context.annotation.internalConfigurationAnnotationProcessor' 
2020-05-04T20:14:13,652 DEBUG [main]: DefaultListableBeanFactory           - Returning cached instance of singleton bean 'org.springframework.context.annotation.internalAutowiredAnnotationProcessor' 
2020-05-04T20:14:13,652 DEBUG [main]: DefaultListableBeanFactory           - Returning cached instance of singleton bean 'org.springframework.context.annotation.internalRequiredAnnotationProcessor' 
2020-05-04T20:14:13,653 DEBUG [main]: DefaultListableBeanFactory           - Returning cached instance of singleton bean 'org.springframework.context.annotation.internalCommonAnnotationProcessor' 
2020-05-04T20:14:13,653 DEBUG [main]: DefaultListableBeanFactory           - Returning cached instance of singleton bean 'org.springframework.context.annotation.internalPersistenceAnnotationProcessor' 
2020-05-04T20:14:13,653 DEBUG [main]: DefaultListableBeanFactory           - Creating shared instance of singleton bean 'org.springframework.context.event.internalEventListenerProcessor' 
2020-05-04T20:14:13,653 DEBUG [main]: DefaultListableBeanFactory           - Creating instance of bean 'org.springframework.context.event.internalEventListenerProcessor' 
2020-05-04T20:14:13,667 DEBUG [main]: DefaultListableBeanFactory           - Eagerly caching bean 'org.springframework.context.event.internalEventListenerProcessor' to allow for resolving potential circular references 
2020-05-04T20:14:13,667 TRACE [main]: CachedIntrospectionResults           - Getting BeanInfo for class [org.springframework.context.event.EventListenerMethodProcessor] 
2020-05-04T20:14:13,669 TRACE [main]: CachedIntrospectionResults           - Caching PropertyDescriptors for class [org.springframework.context.event.EventListenerMethodProcessor] 
2020-05-04T20:14:13,670 TRACE [main]: CachedIntrospectionResults           - Found bean property 'applicationContext' of type [org.springframework.context.ApplicationContext] 
2020-05-04T20:14:13,670 TRACE [main]: CachedIntrospectionResults           - Found bean property 'class' of type [java.lang.Class] 
2020-05-04T20:14:13,672 DEBUG [main]: DefaultListableBeanFactory           - Finished creating instance of bean 'org.springframework.context.event.internalEventListenerProcessor' 
2020-05-04T20:14:13,676 DEBUG [main]: DefaultListableBeanFactory           - Creating shared instance of singleton bean 'org.springframework.context.event.internalEventListenerFactory' 
2020-05-04T20:14:13,676 DEBUG [main]: DefaultListableBeanFactory           - Creating instance of bean 'org.springframework.context.event.internalEventListenerFactory' 
2020-05-04T20:14:13,677 DEBUG [main]: DefaultListableBeanFactory           - Eagerly caching bean 'org.springframework.context.event.internalEventListenerFactory' to allow for resolving potential circular references 
2020-05-04T20:14:13,677 TRACE [main]: CachedIntrospectionResults           - Getting BeanInfo for class [org.springframework.context.event.DefaultEventListenerFactory] 
2020-05-04T20:14:13,680 TRACE [main]: CachedIntrospectionResults           - Caching PropertyDescriptors for class [org.springframework.context.event.DefaultEventListenerFactory] 
2020-05-04T20:14:13,681 TRACE [main]: CachedIntrospectionResults           - Found bean property 'class' of type [java.lang.Class] 
2020-05-04T20:14:13,681 TRACE [main]: CachedIntrospectionResults           - Found bean property 'order' of type [int] 
2020-05-04T20:14:13,683 DEBUG [main]: DefaultListableBeanFactory           - Finished creating instance of bean 'org.springframework.context.event.internalEventListenerFactory' 
2020-05-04T20:14:13,683 DEBUG [main]: DefaultListableBeanFactory           - Creating shared instance of singleton bean 'clientConfig' 
2020-05-04T20:14:13,683 DEBUG [main]: DefaultListableBeanFactory           - Creating instance of bean 'clientConfig' 
2020-05-04T20:14:13,684 DEBUG [main]: DefaultListableBeanFactory           - Eagerly caching bean 'clientConfig' to allow for resolving potential circular references 
2020-05-04T20:14:13,684 TRACE [main]: CachedIntrospectionResults           - Getting BeanInfo for class [clientBase.config.ClientConfig$$EnhancerBySpringCGLIB$$2b1707bd] 
2020-05-04T20:14:13,687 TRACE [main]: CachedIntrospectionResults           - Caching PropertyDescriptors for class [clientBase.config.ClientConfig$$EnhancerBySpringCGLIB$$2b1707bd] 
2020-05-04T20:14:13,687 TRACE [main]: CachedIntrospectionResults           - Found bean property 'beanFactory' of type [org.springframework.beans.factory.BeanFactory] 
2020-05-04T20:14:13,687 TRACE [main]: CachedIntrospectionResults           - Found bean property 'class' of type [java.lang.Class] 
2020-05-04T20:14:13,689 DEBUG [main]: DefaultListableBeanFactory           - Finished creating instance of bean 'clientConfig' 
2020-05-04T20:14:13,691 DEBUG [main]: DefaultListableBeanFactory           - Creating shared instance of singleton bean 'restTemplate' 
2020-05-04T20:14:13,691 DEBUG [main]: DefaultListableBeanFactory           - Creating instance of bean 'restTemplate' 
2020-05-04T20:14:13,694 DEBUG [main]: DefaultListableBeanFactory           - Returning cached instance of singleton bean 'clientConfig' 
2020-05-04T20:14:14,088 DEBUG [main]: DefaultListableBeanFactory           - Eagerly caching bean 'restTemplate' to allow for resolving potential circular references 
2020-05-04T20:14:14,089 TRACE [main]: CachedIntrospectionResults           - Getting BeanInfo for class [org.springframework.web.client.RestTemplate] 
2020-05-04T20:14:14,100 TRACE [main]: CachedIntrospectionResults           - Caching PropertyDescriptors for class [org.springframework.web.client.RestTemplate] 
2020-05-04T20:14:14,100 TRACE [main]: CachedIntrospectionResults           - Found bean property 'class' of type [java.lang.Class] 
2020-05-04T20:14:14,101 TRACE [main]: CachedIntrospectionResults           - Found bean property 'defaultUriVariables' of type [java.util.Map] 
2020-05-04T20:14:14,101 TRACE [main]: CachedIntrospectionResults           - Found bean property 'errorHandler' of type [org.springframework.web.client.ResponseErrorHandler] 
2020-05-04T20:14:14,102 TRACE [main]: CachedIntrospectionResults           - Found bean property 'interceptors' of type [java.util.List] 
2020-05-04T20:14:14,102 TRACE [main]: CachedIntrospectionResults           - Found bean property 'messageConverters' of type [java.util.List] 
2020-05-04T20:14:14,103 TRACE [main]: CachedIntrospectionResults           - Found bean property 'requestFactory' of type [org.springframework.http.client.ClientHttpRequestFactory] 
2020-05-04T20:14:14,104 TRACE [main]: CachedIntrospectionResults           - Found bean property 'uriTemplateHandler' of type [org.springframework.web.util.UriTemplateHandler] 
2020-05-04T20:14:14,109 DEBUG [main]: DefaultListableBeanFactory           - Finished creating instance of bean 'restTemplate' 
2020-05-04T20:14:14,110 DEBUG [main]: DefaultListableBeanFactory           - Returning cached instance of singleton bean 'org.springframework.context.event.internalEventListenerFactory' 
2020-05-04T20:14:14,119 TRACE [main]: EventListenerMethodProcessor         - No @EventListener annotations found on bean class: org.springframework.context.annotation.ConfigurationClassPostProcessor 
2020-05-04T20:14:14,126 TRACE [main]: EventListenerMethodProcessor         - No @EventListener annotations found on bean class: org.springframework.beans.factory.annotation.AutowiredAnnotationBeanPostProcessor 
2020-05-04T20:14:14,128 TRACE [main]: EventListenerMethodProcessor         - No @EventListener annotations found on bean class: org.springframework.beans.factory.annotation.RequiredAnnotationBeanPostProcessor 
2020-05-04T20:14:14,132 TRACE [main]: EventListenerMethodProcessor         - No @EventListener annotations found on bean class: org.springframework.context.annotation.CommonAnnotationBeanPostProcessor 
2020-05-04T20:14:14,135 TRACE [main]: EventListenerMethodProcessor         - No @EventListener annotations found on bean class: org.springframework.orm.jpa.support.PersistenceAnnotationBeanPostProcessor 
2020-05-04T20:14:14,137 TRACE [main]: EventListenerMethodProcessor         - No @EventListener annotations found on bean class: org.springframework.context.event.EventListenerMethodProcessor 
2020-05-04T20:14:14,138 TRACE [main]: EventListenerMethodProcessor         - No @EventListener annotations found on bean class: org.springframework.context.event.DefaultEventListenerFactory 
2020-05-04T20:14:14,139 TRACE [main]: EventListenerMethodProcessor         - No @EventListener annotations found on bean class: clientBase.config.ClientConfig$$EnhancerBySpringCGLIB$$2b1707bd 
2020-05-04T20:14:14,145 TRACE [main]: EventListenerMethodProcessor         - No @EventListener annotations found on bean class: org.springframework.web.client.RestTemplate 
2020-05-04T20:14:14,147 TRACE [main]: EventListenerMethodProcessor         - No @EventListener annotations found on bean class: org.springframework.core.env.StandardEnvironment 
2020-05-04T20:14:14,156 TRACE [main]: EventListenerMethodProcessor         - No @EventListener annotations found on bean class: java.util.Properties 
2020-05-04T20:14:14,157 TRACE [main]: EventListenerMethodProcessor         - No @EventListener annotations found on bean class: java.util.Collections$UnmodifiableMap 
2020-05-04T20:14:14,161 TRACE [main]: EventListenerMethodProcessor         - No @EventListener annotations found on bean class: org.springframework.context.annotation.ConfigurationClassParser$ImportStack 
2020-05-04T20:14:14,163 TRACE [main]: EventListenerMethodProcessor         - No @EventListener annotations found on bean class: org.springframework.context.support.DelegatingMessageSource 
2020-05-04T20:14:14,164 TRACE [main]: EventListenerMethodProcessor         - No @EventListener annotations found on bean class: org.springframework.context.event.SimpleApplicationEventMulticaster 
2020-05-04T20:14:14,166 DEBUG [main]: AnnotationConfigApplicationContext   - Unable to locate LifecycleProcessor with name 'lifecycleProcessor': using default [org.springframework.context.support.DefaultLifecycleProcessor@4e406694] 
2020-05-04T20:14:14,166 DEBUG [main]: DefaultListableBeanFactory           - Returning cached instance of singleton bean 'lifecycleProcessor' 
2020-05-04T20:14:14,168 TRACE [main]: AnnotationConfigApplicationContext   - Publishing event in org.springframework.context.annotation.AnnotationConfigApplicationContext@53b7f657: org.springframework.context.event.ContextRefreshedEvent[source=org.springframework.context.annotation.AnnotationConfigApplicationContext@53b7f657: startup date [Mon May 04 20:14:13 EEST 2020]; root of context hierarchy] 
2020-05-04T20:14:14,171 TRACE [main]: PropertySourcesPropertyResolver      - Searching for key 'spring.liveBeansView.mbeanDomain' in PropertySource 'systemProperties' 
2020-05-04T20:14:14,171 TRACE [main]: PropertySourcesPropertyResolver      - Searching for key 'spring.liveBeansView.mbeanDomain' in PropertySource 'systemEnvironment' 
2020-05-04T20:14:14,172 DEBUG [main]: PropertySourcesPropertyResolver      - Could not find key 'spring.liveBeansView.mbeanDomain' in any property source 
2020-05-04T20:14:14,176 DEBUG [main]: DefaultListableBeanFactory           - Returning cached instance of singleton bean 'restTemplate' 
